<?xml version="1.0" ?>
<coverage branch-rate="0" line-rate="0.1887" timestamp="1538400486682" version="4.0.3">
	<!-- Generated by coverage.py: https://coverage.readthedocs.org -->
	<!-- Based on https://raw.githubusercontent.com/cobertura/web/f0366e5e2cf18f111cbd61fc34ef720a6584ba02/htdocs/xml/coverage-03.dtd -->
	<sources>
		<source>/home/codjoe/projects/Userprofile</source>
	</sources>
	<packages>
		<package branch-rate="0" complexity="0" line-rate="0.1887" name=".">
			<classes>
				<class branch-rate="0" complexity="0" filename="register.py" line-rate="0.1887" name="register.py">
					<methods/>
					<lines>
						<line hits="1" number="1"/>
						<line hits="1" number="4"/>
						<line hits="1" number="5"/>
						<line hits="0" number="6"/>
						<line hits="0" number="7"/>
						<line hits="0" number="8"/>
						<line hits="0" number="9"/>
						<line hits="0" number="10"/>
						<line hits="0" number="11"/>
						<line hits="0" number="12"/>
						<line hits="0" number="13"/>
						<line hits="1" number="15"/>
						<line hits="0" number="19"/>
						<line hits="0" number="20"/>
						<line hits="0" number="21"/>
						<line hits="1" number="23"/>
						<line hits="0" number="28"/>
						<line hits="0" number="34"/>
						<line hits="0" number="35"/>
						<line hits="0" number="36"/>
						<line hits="1" number="38"/>
						<line hits="0" number="43"/>
						<line hits="0" number="44"/>
						<line hits="0" number="45"/>
						<line hits="1" number="47"/>
						<line hits="0" number="51"/>
						<line hits="0" number="52"/>
						<line hits="0" number="54"/>
						<line hits="1" number="56"/>
						<line hits="0" number="60"/>
						<line hits="0" number="67"/>
						<line hits="0" number="69"/>
						<line hits="0" number="70"/>
						<line hits="0" number="71"/>
						<line hits="0" number="72"/>
						<line hits="0" number="73"/>
						<line hits="0" number="74"/>
						<line hits="0" number="76"/>
						<line hits="0" number="77"/>
						<line hits="0" number="80"/>
						<line hits="0" number="81"/>
						<line hits="1" number="83"/>
						<line hits="0" number="87"/>
						<line hits="0" number="88"/>
						<line hits="0" number="89"/>
						<line hits="0" number="90"/>
						<line hits="0" number="92"/>
						<line hits="1" number="94"/>
						<line hits="0" number="98"/>
						<line hits="0" number="99"/>
						<line hits="0" number="100"/>
						<line hits="0" number="101"/>
						<line hits="0" number="108"/>
					</lines>
				</class>
			</classes>
		</package>
	</packages>
</coverage>
